<?xml version='1.0' encoding='UTF-8'?>
<flow-definition plugin="workflow-job@1.15">
    <actions/>
    <description></description>
    <keepDependencies>false</keepDependencies>
    <properties>
        <jenkins.model.BuildDiscarderProperty>
            <strategy class="hudson.tasks.LogRotator">
                <daysToKeep>-1</daysToKeep>
                <numToKeep>6</numToKeep>
                <artifactDaysToKeep>-1</artifactDaysToKeep>
                <artifactNumToKeep>-1</artifactNumToKeep>
            </strategy>
        </jenkins.model.BuildDiscarderProperty>
    </properties>
    <definition class="org.jenkinsci.plugins.workflow.cps.CpsFlowDefinition" plugin="workflow-cps@1.15">
        <script>node(&apos;mesos&apos;) {
            echo &apos;hello world&apos;
            }
        </script>
        <sandbox>false</sandbox>
    </definition>
    <triggers>
        <hudson.triggers.SCMTrigger>
            <spec></spec>
            <ignorePostCommitHooks>false</ignorePostCommitHooks>
        </hudson.triggers.SCMTrigger>
    </triggers>
</flow-definition>
